[0.009s] Invoking command in '/home/uav/ros2_ws/build/fish_dvl_plugin': CMAKE_PREFIX_PATH=${CMAKE_PREFIX_PATH}:/opt/ros/humble /usr/bin/cmake /home/uav/ros2_ws/src/fish_dvl_plugin -DCMAKE_INSTALL_PREFIX=/home/uav/ros2_ws/install/fish_dvl_plugin
[0.066s] -- The C compiler identification is GNU 11.4.0
[0.264s] -- The CXX compiler identification is GNU 11.4.0
[0.414s] -- Detecting C compiler ABI info
[0.479s] -- Detecting C compiler ABI info - done
[0.483s] -- Check for working C compiler: /usr/bin/cc - skipped
[0.483s] -- Detecting C compile features
[0.483s] -- Detecting C compile features - done
[0.485s] -- Detecting CXX compiler ABI info
[0.556s] -- Detecting CXX compiler ABI info - done
[0.560s] -- Check for working CXX compiler: /usr/bin/c++ - skipped
[0.560s] -- Detecting CXX compile features
[0.560s] -- Detecting CXX compile features - done
[0.562s] -- Found ament_cmake: 1.3.11 (/opt/ros/humble/share/ament_cmake/cmake)
[0.658s] -- Found Python3: /usr/bin/python3 (found version "3.10.12") found components: Interpreter 
[0.721s] -- Found rclcpp: 16.0.11 (/opt/ros/humble/share/rclcpp/cmake)
[0.808s] -- Found rosidl_generator_c: 3.1.6 (/opt/ros/humble/share/rosidl_generator_c/cmake)
[0.812s] -- Found rosidl_adapter: 3.1.6 (/opt/ros/humble/share/rosidl_adapter/cmake)
[0.818s] -- Found rosidl_generator_cpp: 3.1.6 (/opt/ros/humble/share/rosidl_generator_cpp/cmake)
[0.826s] -- Using all available rosidl_typesupport_c: rosidl_typesupport_fastrtps_c;rosidl_typesupport_introspection_c
[0.837s] -- Using all available rosidl_typesupport_cpp: rosidl_typesupport_fastrtps_cpp;rosidl_typesupport_introspection_cpp
[0.869s] -- Found rmw_implementation_cmake: 6.1.2 (/opt/ros/humble/share/rmw_implementation_cmake/cmake)
[0.872s] -- Found rmw_fastrtps_cpp: 6.2.7 (/opt/ros/humble/share/rmw_fastrtps_cpp/cmake)
[1.395s] -- Found OpenSSL: /usr/lib/x86_64-linux-gnu/libcrypto.so (found version "3.0.2")  
[1.993s] -- Found FastRTPS: /opt/ros/humble/include  
[3.036s] -- Using RMW implementation 'rmw_fastrtps_cpp' as default
[3.043s] -- Looking for pthread.h
[3.110s] -- Looking for pthread.h - found
[3.110s] -- Performing Test CMAKE_HAVE_LIBC_PTHREAD
[3.183s] -- Performing Test CMAKE_HAVE_LIBC_PTHREAD - Success
[3.184s] -- Found Threads: TRUE  
[3.217s] -- Found gazebo_ros: 3.9.0 (/opt/ros/humble/share/gazebo_ros/cmake)
[3.224s] -- Found PkgConfig: /usr/bin/pkg-config (found version "0.29.2") 
[3.225s] -- Checking for module 'bullet>=2.82'
[3.231s] --   Found bullet, version 3.05
[3.296s] -- Found fcl: /usr/include (found suitable version "0.7.0", minimum required is "0.5.0") 
[3.321s] -- Found assimp: /usr/include (found version "5.2.0") 
[3.335s] -- Found DART: /usr/include (Required is at least version "6.6") found components: dart 
[3.354s] -- Found Boost: /usr/lib/x86_64-linux-gnu/cmake/Boost-1.74.0/BoostConfig.cmake (found suitable version "1.74.0", minimum required is "1.40.0") found components: thread system filesystem program_options regex iostreams date_time 
[3.500s] -- Found Protobuf: /usr/lib/x86_64-linux-gnu/libprotobuf.so (found version "3.12.4") 
[3.504s] -- Looking for ignition-math6 -- found version 6.15.1
[3.508s] -- Searching for dependencies of ignition-math6
[3.509s] -- Looking for OGRE...
[3.509s] -- OGRE_PREFIX_WATCH changed.
[3.513s] -- Checking for module 'OGRE'
[3.520s] --   Found OGRE, version 1.9.0
[3.535s] -- Found Ogre Ghadamon (1.9.0)
[3.698s] -- Found OGRE: optimized;/usr/lib/x86_64-linux-gnu/libOgreMain.so;debug;/usr/lib/x86_64-linux-gnu/libOgreMain.so
[3.705s] -- Looking for OGRE_Paging...
[3.859s] -- Found OGRE_Paging: optimized;/usr/lib/x86_64-linux-gnu/libOgrePaging.so;debug;/usr/lib/x86_64-linux-gnu/libOgrePaging.so
[3.859s] -- Looking for OGRE_Terrain...
[3.995s] -- Found OGRE_Terrain: optimized;/usr/lib/x86_64-linux-gnu/libOgreTerrain.so;debug;/usr/lib/x86_64-linux-gnu/libOgreTerrain.so
[3.995s] -- Looking for OGRE_Property...
[4.148s] -- Found OGRE_Property: optimized;/usr/lib/x86_64-linux-gnu/libOgreProperty.so;debug;/usr/lib/x86_64-linux-gnu/libOgreProperty.so
[4.148s] -- Looking for OGRE_RTShaderSystem...
[4.339s] -- Found OGRE_RTShaderSystem: optimized;/usr/lib/x86_64-linux-gnu/libOgreRTShaderSystem.so;debug;/usr/lib/x86_64-linux-gnu/libOgreRTShaderSystem.so
[4.339s] -- Looking for OGRE_Volume...
[4.496s] -- Found OGRE_Volume: optimized;/usr/lib/x86_64-linux-gnu/libOgreVolume.so;debug;/usr/lib/x86_64-linux-gnu/libOgreVolume.so
[4.497s] -- Looking for OGRE_Overlay...
[4.654s] -- Found OGRE_Overlay: optimized;/usr/lib/x86_64-linux-gnu/libOgreOverlay.so;debug;/usr/lib/x86_64-linux-gnu/libOgreOverlay.so
[13.011s] -- Looking for ignition-math6 -- found version 6.15.1
[13.012s] -- Looking for ignition-transport8 -- found version 8.2.1
[13.013s] -- Searching for dependencies of ignition-transport8
[13.517s] -- Found Protobuf: /usr/lib/x86_64-linux-gnu/libprotobuf.so (found suitable version "3.12.4", minimum required is "3") 
[14.022s] -- Config-file not installed for ZeroMQ -- checking for pkg-config
[14.025s] -- Checking for module 'libzmq >= 4'
[14.032s] --   Found libzmq , version 4.3.4
[14.049s] -- Found ZeroMQ: TRUE (Required is at least version "4") 
[14.067s] -- Checking for module 'uuid'
[14.074s] --   Found uuid, version 2.37.2
[14.089s] -- Found UUID: TRUE  
[14.091s] -- Looking for ignition-msgs5 -- found version 5.8.1
[14.091s] -- Searching for dependencies of ignition-msgs5
[14.635s] -- Looking for ignition-math6 -- found version 6.15.1
[14.638s] -- Checking for module 'tinyxml2'
[14.645s] --   Found tinyxml2, version 9.0.0
[14.661s] -- Looking for ignition-msgs5 -- found version 5.8.1
[14.663s] -- Looking for ignition-common3 -- found version 3.14.0
[14.663s] -- Searching for dependencies of ignition-common3
[14.685s] -- Looking for dlfcn.h - found
[14.700s] -- Looking for libdl - found
[14.701s] -- Found DL: TRUE  
[14.738s] -- Found tinyobjloader: /usr/lib/x86_64-linux-gnu/cmake/tinyobjloader/tinyobjloader-config.cmake (found version "2.0.0") 
[14.738s] -- Searching for <ignition-common3> component [graphics]
[14.740s] -- Looking for ignition-common3-graphics -- found version 3.14.0
[14.740s] -- Searching for dependencies of ignition-common3-graphics
[14.741s] -- Looking for ignition-math6 -- found version 6.15.1
[14.743s] -- Looking for ignition-fuel_tools4 -- found version 4.4.0
[14.743s] -- Searching for dependencies of ignition-fuel_tools4
[15.338s] -- Found CURL: /usr/lib/x86_64-linux-gnu/libcurl.so (found version "7.81.0")  
[15.344s] -- Checking for module 'jsoncpp'
[15.351s] --   Found jsoncpp, version 1.9.5
[15.367s] -- Found JSONCPP: TRUE  
[15.370s] -- Checking for module 'libzip'
[15.376s] --   Found libzip, version 1.7.3
[15.392s] -- Found ZIP: TRUE  
[15.393s] -- Looking for ignition-common3 -- found version 3.14.0
[15.393s] -- Looking for ignition-math6 -- found version 6.15.1
[15.393s] -- Looking for ignition-msgs5 -- found version 5.8.1
[15.396s] -- Gazebo version: 11.10
[15.396s] -- Checking for module 'tbb'
[15.403s] --   Found tbb, version 2021.5.0
[15.421s] -- Found gazebo_plugins: 3.9.0 (/opt/ros/humble/share/gazebo_plugins/cmake)
[15.467s] -- Found ament_lint_auto: 0.12.11 (/opt/ros/humble/share/ament_lint_auto/cmake)
[15.519s] -- Added test 'cppcheck' to perform static code analysis on C / C++ code
[15.519s] -- Configured cppcheck include dirs: /home/uav/ros2_ws/src/fish_dvl_plugin/include
[15.519s] -- Configured cppcheck exclude dirs and/or files: 
[15.519s] -- Added test 'lint_cmake' to check CMake code style
[15.520s] -- Added test 'uncrustify' to check C / C++ code style
[15.520s] -- Configured uncrustify additional arguments: 
[15.520s] -- Added test 'xmllint' to check XML markup files
[15.521s] -- Configuring done
[15.537s] -- Generating done
[15.540s] -- Build files have been written to: /home/uav/ros2_ws/build/fish_dvl_plugin
[15.548s] Invoked command in '/home/uav/ros2_ws/build/fish_dvl_plugin' returned '0': CMAKE_PREFIX_PATH=${CMAKE_PREFIX_PATH}:/opt/ros/humble /usr/bin/cmake /home/uav/ros2_ws/src/fish_dvl_plugin -DCMAKE_INSTALL_PREFIX=/home/uav/ros2_ws/install/fish_dvl_plugin
[15.550s] Invoking command in '/home/uav/ros2_ws/build/fish_dvl_plugin': CMAKE_PREFIX_PATH=${CMAKE_PREFIX_PATH}:/opt/ros/humble /usr/bin/cmake --build /home/uav/ros2_ws/build/fish_dvl_plugin -- -j20 -l20
[15.577s] [ 50%] [32mBuilding CXX object CMakeFiles/fish_dvl_plugin.dir/src/dvl_plugin.cpp.o[0m
[16.896s] [01m[K/home/uav/ros2_ws/src/fish_dvl_plugin/src/dvl_plugin.cpp:5:10:[m[K [01;31m[Kfatal error: [m[Kgazebo/sensors/SensorPlugin.hh: No such file or directory
[16.896s]     5 | #include [01;31m[K<gazebo/sensors/SensorPlugin.hh>[m[K
[16.896s]       |          [01;31m[K^~~~~~~~~~~~~~~~~~~~~~~~~~~~~~~~[m[K
[16.896s] compilation terminated.
[16.899s] gmake[2]: *** [CMakeFiles/fish_dvl_plugin.dir/build.make:76: CMakeFiles/fish_dvl_plugin.dir/src/dvl_plugin.cpp.o] Error 1
[16.899s] gmake[1]: *** [CMakeFiles/Makefile2:137: CMakeFiles/fish_dvl_plugin.dir/all] Error 2
[16.899s] gmake: *** [Makefile:146: all] Error 2
[16.901s] Invoked command in '/home/uav/ros2_ws/build/fish_dvl_plugin' returned '2': CMAKE_PREFIX_PATH=${CMAKE_PREFIX_PATH}:/opt/ros/humble /usr/bin/cmake --build /home/uav/ros2_ws/build/fish_dvl_plugin -- -j20 -l20
